Using pre-set license
Built from '2020.3/staging' branch; Version is '2020.3.11f1 (99c7afb366b3) revision 10078127'; Using compiler version '192528614'; Build Type 'Release'
OS: 'Windows 10 Home; OS build 18363.1440; Version 1909; 64bit' Language: 'en' Physical Memory: 32611 MB
BatchMode: 1, IsHumanControllingUs: 0, StartBugReporterOnCrash: 0, Is64bit: 1, IsPro: 0

 COMMAND LINE ARGUMENTS:
C:\Program Files\Unity\Hub\Editor\2020.3.11f1\Editor\Unity.exe
-adb2
-batchMode
-noUpm
-name
AssetImportWorker0
-projectPath
C:/Users/lowda/Documents/UnityFiles/Brackeys-Jam-2021/Brackeys Game Jam 2021
-logFile
Logs/AssetImportWorker0.log
-srvPort
53029
Successfully changed project path to: C:/Users/lowda/Documents/UnityFiles/Brackeys-Jam-2021/Brackeys Game Jam 2021
C:/Users/lowda/Documents/UnityFiles/Brackeys-Jam-2021/Brackeys Game Jam 2021
Using Asset Import Pipeline V2.
Refreshing native plugins compatible for Editor in 97.17 ms, found 0 plugins.
Preloading 0 native plugins for Editor in 0.00 ms.
Initialize engine version: 2020.3.11f1 (99c7afb366b3)
[Subsystems] Discovering subsystems at path C:/Program Files/Unity/Hub/Editor/2020.3.11f1/Editor/Data/Resources/UnitySubsystems
[Subsystems] Discovering subsystems at path C:/Users/lowda/Documents/UnityFiles/Brackeys-Jam-2021/Brackeys Game Jam 2021/Assets
GfxDevice: creating device client; threaded=0
Direct3D:
    Version:  Direct3D 11.0 [level 11.1]
    Renderer: NVIDIA GeForce GTX 1660 Ti (ID=0x2191)
    Vendor:   
    VRAM:     5991 MB
    Driver:   27.21.14.6109
Initialize mono
Mono path[0] = 'C:/Program Files/Unity/Hub/Editor/2020.3.11f1/Editor/Data/Managed'
Mono path[1] = 'C:/Program Files/Unity/Hub/Editor/2020.3.11f1/Editor/Data/MonoBleedingEdge/lib/mono/unityjit'
Mono config path = 'C:/Program Files/Unity/Hub/Editor/2020.3.11f1/Editor/Data/MonoBleedingEdge/etc'
Using monoOptions --debugger-agent=transport=dt_socket,embedding=1,server=y,suspend=n,address=127.0.0.1:56252
Begin MonoManager ReloadAssembly
Registering precompiled unity dll's ...
Register platform support module: C:/Program Files/Unity/Hub/Editor/2020.3.11f1/Editor/Data/PlaybackEngines/WebGLSupport/UnityEditor.WebGL.Extensions.dll
Register platform support module: C:/Program Files/Unity/Hub/Editor/2020.3.11f1/Editor/Data/PlaybackEngines/MacStandaloneSupport/UnityEditor.OSXStandalone.Extensions.dll
Register platform support module: C:/Program Files/Unity/Hub/Editor/2020.3.11f1/Editor/Data/PlaybackEngines/WindowsStandaloneSupport/UnityEditor.WindowsStandalone.Extensions.dll
Registered in 0.005580 seconds.
Native extension for WindowsStandalone target not found
Native extension for OSXStandalone target not found
Native extension for WebGL target not found
Refreshing native plugins compatible for Editor in 88.15 ms, found 0 plugins.
Preloading 0 native plugins for Editor in 0.00 ms.
Mono: successfully reloaded assembly
- Completed reload, in  4.112 seconds
Platform modules already initialized, skipping
Registering precompiled user dll's ...
Registered in 0.011358 seconds.
Begin MonoManager ReloadAssembly
Native extension for WindowsStandalone target not found
Native extension for OSXStandalone target not found
Native extension for WebGL target not found
Refreshing native plugins compatible for Editor in 3.22 ms, found 0 plugins.
Preloading 0 native plugins for Editor in 0.00 ms.
Mono: successfully reloaded assembly
- Completed reload, in  1.478 seconds
Platform modules already initialized, skipping
========================================================================
Worker process is ready to serve import requests
Launched and connected shader compiler UnityShaderCompiler.exe after 0.09 seconds
Refreshing native plugins compatible for Editor in 3.23 ms, found 0 plugins.
Preloading 0 native plugins for Editor in 0.00 ms.
Unloading 30 Unused Serialized files (Serialized files now loaded: 0)
System memory in use before: 28.9 MB.
System memory in use after: 28.9 MB.

Unloading 2 unused Assets to reduce memory usage. Loaded Objects now: 470.
Total: 2.542000 ms (FindLiveObjects: 0.056800 ms CreateObjectMapping: 0.006100 ms MarkObjects: 2.395700 ms  DeleteObjects: 0.082000 ms)

========================================================================
Received Import Request.
  path: Assets/Scripts/Player Scripts/SpellManager.cs
  artifactKey: Guid(c921832a606e7564bb6b96c147e07da3) Importer(815301076,1909f56bfc062723c751e8b465ee728b)
Start importing Assets/Scripts/Player Scripts/SpellManager.cs using Guid(c921832a606e7564bb6b96c147e07da3) Importer(815301076,1909f56bfc062723c751e8b465ee728b)  -> (artifact id: 'ef7d4df597f49c833e61d21368dfa8f7') in 0.057585 seconds
  Import took 0.058845 seconds .

========================================================================
Received Import Request.
  Time since last request: 0.000455 seconds.
  path: Assets/Scripts/Player Scripts/SpellBehavior.cs
  artifactKey: Guid(2ecb1b22d632fd74497e31489705a6d6) Importer(815301076,1909f56bfc062723c751e8b465ee728b)
Start importing Assets/Scripts/Player Scripts/SpellBehavior.cs using Guid(2ecb1b22d632fd74497e31489705a6d6) Importer(815301076,1909f56bfc062723c751e8b465ee728b)  -> (artifact id: 'e102e2ad483f28286c7aff8d96eace9c') in 0.006270 seconds
  Import took 0.007716 seconds .

========================================================================
Received Import Request.
  Time since last request: 761.530143 seconds.
  path: Assets/Scripts/Player Scripts/PlayerMovement.cs
  artifactKey: Guid(d706c41d4c69f0747b82d7d090191f44) Importer(815301076,1909f56bfc062723c751e8b465ee728b)
Start importing Assets/Scripts/Player Scripts/PlayerMovement.cs using Guid(d706c41d4c69f0747b82d7d090191f44) Importer(815301076,1909f56bfc062723c751e8b465ee728b)  -> (artifact id: 'a3cd92df295fc6f09fdcba5b7ce0cbd7') in 0.010487 seconds
  Import took 0.013855 seconds .

========================================================================
Received Import Request.
  Time since last request: 0.015992 seconds.
  path: Assets/Scripts/Player Scripts/PlayerMovement.cs
  artifactKey: Guid(d706c41d4c69f0747b82d7d090191f44) Importer(815301076,1909f56bfc062723c751e8b465ee728b)
Start importing Assets/Scripts/Player Scripts/PlayerMovement.cs using Guid(d706c41d4c69f0747b82d7d090191f44) Importer(815301076,1909f56bfc062723c751e8b465ee728b)  -> (artifact id: 'a3cd92df295fc6f09fdcba5b7ce0cbd7') in 0.008772 seconds
  Import took 0.011034 seconds .

========================================================================
Received Import Request.
  Time since last request: 1581.439552 seconds.
  path: Assets/Scripts/FoodPickup.cs
  artifactKey: Guid(ff27e593400be92479c76c6f3eaa5235) Importer(815301076,1909f56bfc062723c751e8b465ee728b)
Start importing Assets/Scripts/FoodPickup.cs using Guid(ff27e593400be92479c76c6f3eaa5235) Importer(815301076,1909f56bfc062723c751e8b465ee728b)  -> (artifact id: '0f65269625c63b65c6b82fe26e3206d5') in 0.004484 seconds
  Import took 0.005874 seconds .

========================================================================
Received Import Request.
  Time since last request: 0.001392 seconds.
  path: Assets/Scripts/FoodPickup.cs
  artifactKey: Guid(ff27e593400be92479c76c6f3eaa5235) Importer(815301076,1909f56bfc062723c751e8b465ee728b)
Start importing Assets/Scripts/FoodPickup.cs using Guid(ff27e593400be92479c76c6f3eaa5235) Importer(815301076,1909f56bfc062723c751e8b465ee728b)  -> (artifact id: '0f65269625c63b65c6b82fe26e3206d5') in 0.003733 seconds
  Import took 0.004679 seconds .

========================================================================
Received Import Request.
  Time since last request: 10.995294 seconds.
  path: Assets/Scripts/Player Scripts/PlayerStats.cs
  artifactKey: Guid(ef82e7aec98da904bb39b46ea6ac08a0) Importer(815301076,1909f56bfc062723c751e8b465ee728b)
Start importing Assets/Scripts/Player Scripts/PlayerStats.cs using Guid(ef82e7aec98da904bb39b46ea6ac08a0) Importer(815301076,1909f56bfc062723c751e8b465ee728b)  -> (artifact id: 'bbbe22e08f4d99b129afc0b92a8eb1f1') in 0.006219 seconds
  Import took 0.007591 seconds .

========================================================================
Received Import Request.
  Time since last request: 0.007192 seconds.
  path: Assets/Scripts/Player Scripts/PlayerStats.cs
  artifactKey: Guid(ef82e7aec98da904bb39b46ea6ac08a0) Importer(815301076,1909f56bfc062723c751e8b465ee728b)
Start importing Assets/Scripts/Player Scripts/PlayerStats.cs using Guid(ef82e7aec98da904bb39b46ea6ac08a0) Importer(815301076,1909f56bfc062723c751e8b465ee728b)  -> (artifact id: 'bbbe22e08f4d99b129afc0b92a8eb1f1') in 0.004617 seconds
  Import took 0.005658 seconds .

========================================================================
Received Prepare
Registering precompiled user dll's ...
Registered in 0.010955 seconds.
Begin MonoManager ReloadAssembly
Native extension for WindowsStandalone target not found
Native extension for OSXStandalone target not found
Native extension for WebGL target not found
Refreshing native plugins compatible for Editor in 3.92 ms, found 0 plugins.
Preloading 0 native plugins for Editor in 0.00 ms.
Mono: successfully reloaded assembly
- Completed reload, in  1.132 seconds
Platform modules already initialized, skipping
Refreshing native plugins compatible for Editor in 9.17 ms, found 0 plugins.
Preloading 0 native plugins for Editor in 0.00 ms.
Unloading 25 Unused Serialized files (Serialized files now loaded: 0)
System memory in use before: 28.7 MB.
System memory in use after: 28.7 MB.

Unloading 0 unused Assets to reduce memory usage. Loaded Objects now: 470.
Total: 4.829800 ms (FindLiveObjects: 0.118000 ms CreateObjectMapping: 0.013000 ms MarkObjects: 4.681900 ms  DeleteObjects: 0.013800 ms)

========================================================================
Received Prepare
Registering precompiled user dll's ...
Registered in 0.010821 seconds.
Begin MonoManager ReloadAssembly
Native extension for WindowsStandalone target not found
Native extension for OSXStandalone target not found
Native extension for WebGL target not found
Refreshing native plugins compatible for Editor in 3.88 ms, found 0 plugins.
Preloading 0 native plugins for Editor in 0.00 ms.
Mono: successfully reloaded assembly
- Completed reload, in  1.106 seconds
Platform modules already initialized, skipping
Refreshing native plugins compatible for Editor in 5.22 ms, found 0 plugins.
Preloading 0 native plugins for Editor in 0.00 ms.
Unloading 25 Unused Serialized files (Serialized files now loaded: 0)
System memory in use before: 28.7 MB.
System memory in use after: 28.7 MB.

Unloading 0 unused Assets to reduce memory usage. Loaded Objects now: 470.
Total: 2.221400 ms (FindLiveObjects: 0.050600 ms CreateObjectMapping: 0.005500 ms MarkObjects: 2.158600 ms  DeleteObjects: 0.005600 ms)

========================================================================
Received Prepare
Registering precompiled user dll's ...
Registered in 0.010281 seconds.
Begin MonoManager ReloadAssembly
Native extension for WindowsStandalone target not found
Native extension for OSXStandalone target not found
Native extension for WebGL target not found
Refreshing native plugins compatible for Editor in 3.88 ms, found 0 plugins.
Preloading 0 native plugins for Editor in 0.00 ms.
Mono: successfully reloaded assembly
- Completed reload, in  1.105 seconds
Platform modules already initialized, skipping
Refreshing native plugins compatible for Editor in 3.81 ms, found 0 plugins.
Preloading 0 native plugins for Editor in 0.00 ms.
Unloading 25 Unused Serialized files (Serialized files now loaded: 0)
System memory in use before: 28.7 MB.
System memory in use after: 28.7 MB.

Unloading 0 unused Assets to reduce memory usage. Loaded Objects now: 470.
Total: 2.557000 ms (FindLiveObjects: 0.050200 ms CreateObjectMapping: 0.007600 ms MarkObjects: 2.492500 ms  DeleteObjects: 0.005500 ms)

========================================================================
Received Prepare
Registering precompiled user dll's ...
Registered in 0.010385 seconds.
Begin MonoManager ReloadAssembly
Native extension for WindowsStandalone target not found
Native extension for OSXStandalone target not found
Native extension for WebGL target not found
Refreshing native plugins compatible for Editor in 3.96 ms, found 0 plugins.
Preloading 0 native plugins for Editor in 0.00 ms.
Mono: successfully reloaded assembly
- Completed reload, in  1.121 seconds
Platform modules already initialized, skipping
Refreshing native plugins compatible for Editor in 3.91 ms, found 0 plugins.
Preloading 0 native plugins for Editor in 0.00 ms.
Unloading 25 Unused Serialized files (Serialized files now loaded: 0)
System memory in use before: 28.7 MB.
System memory in use after: 28.7 MB.

Unloading 0 unused Assets to reduce memory usage. Loaded Objects now: 470.
Total: 2.687700 ms (FindLiveObjects: 0.057800 ms CreateObjectMapping: 0.005400 ms MarkObjects: 2.615900 ms  DeleteObjects: 0.007100 ms)

========================================================================
Received Prepare
Registering precompiled user dll's ...
Registered in 0.010741 seconds.
Begin MonoManager ReloadAssembly
Native extension for WindowsStandalone target not found
Native extension for OSXStandalone target not found
Native extension for WebGL target not found
Refreshing native plugins compatible for Editor in 3.86 ms, found 0 plugins.
Preloading 0 native plugins for Editor in 0.00 ms.
Mono: successfully reloaded assembly
- Completed reload, in  1.091 seconds
Platform modules already initialized, skipping
Refreshing native plugins compatible for Editor in 3.78 ms, found 0 plugins.
Preloading 0 native plugins for Editor in 0.00 ms.
Unloading 25 Unused Serialized files (Serialized files now loaded: 0)
System memory in use before: 28.7 MB.
System memory in use after: 28.7 MB.

Unloading 0 unused Assets to reduce memory usage. Loaded Objects now: 470.
Total: 2.363000 ms (FindLiveObjects: 0.052300 ms CreateObjectMapping: 0.005200 ms MarkObjects: 2.299000 ms  DeleteObjects: 0.005400 ms)

========================================================================
Received Import Request.
  Time since last request: 7138.149326 seconds.
  path: Assets/Prefabs/Enemy.prefab
  artifactKey: Guid(88df57a0aad68db4889284ba872d795c) Importer(815301076,1909f56bfc062723c751e8b465ee728b)
Start importing Assets/Prefabs/Enemy.prefab using Guid(88df57a0aad68db4889284ba872d795c) Importer(815301076,1909f56bfc062723c751e8b465ee728b)  -> (artifact id: '941b64b10315e69e02286a82af5980b6') in 0.177544 seconds
  Import took 0.178849 seconds .

========================================================================
Received Prepare
Registering precompiled user dll's ...
Registered in 0.010321 seconds.
Begin MonoManager ReloadAssembly
Native extension for WindowsStandalone target not found
Native extension for OSXStandalone target not found
Native extension for WebGL target not found
Refreshing native plugins compatible for Editor in 3.84 ms, found 0 plugins.
Preloading 0 native plugins for Editor in 0.00 ms.
Mono: successfully reloaded assembly
- Completed reload, in  1.118 seconds
Platform modules already initialized, skipping
Refreshing native plugins compatible for Editor in 3.79 ms, found 0 plugins.
Preloading 0 native plugins for Editor in 0.00 ms.
Unloading 25 Unused Serialized files (Serialized files now loaded: 0)
System memory in use before: 45.4 MB.
System memory in use after: 45.4 MB.

Unloading 0 unused Assets to reduce memory usage. Loaded Objects now: 478.
Total: 2.645700 ms (FindLiveObjects: 0.051800 ms CreateObjectMapping: 0.005000 ms MarkObjects: 2.582200 ms  DeleteObjects: 0.005300 ms)

========================================================================
Received Prepare
Registering precompiled user dll's ...
Registered in 0.010710 seconds.
Begin MonoManager ReloadAssembly
Native extension for WindowsStandalone target not found
Native extension for OSXStandalone target not found
Native extension for WebGL target not found
Refreshing native plugins compatible for Editor in 3.90 ms, found 0 plugins.
Preloading 0 native plugins for Editor in 0.00 ms.
Mono: successfully reloaded assembly
- Completed reload, in  1.085 seconds
Platform modules already initialized, skipping
Refreshing native plugins compatible for Editor in 3.76 ms, found 0 plugins.
Preloading 0 native plugins for Editor in 0.00 ms.
Unloading 25 Unused Serialized files (Serialized files now loaded: 0)
System memory in use before: 45.4 MB.
System memory in use after: 45.4 MB.

Unloading 0 unused Assets to reduce memory usage. Loaded Objects now: 478.
Total: 2.617000 ms (FindLiveObjects: 0.052500 ms CreateObjectMapping: 0.004800 ms MarkObjects: 2.551600 ms  DeleteObjects: 0.006800 ms)

========================================================================
Received Prepare
Registering precompiled user dll's ...
Registered in 0.011078 seconds.
Begin MonoManager ReloadAssembly
Native extension for WindowsStandalone target not found
Native extension for OSXStandalone target not found
Native extension for WebGL target not found
Refreshing native plugins compatible for Editor in 3.90 ms, found 0 plugins.
Preloading 0 native plugins for Editor in 0.00 ms.
Mono: successfully reloaded assembly
- Completed reload, in  1.092 seconds
Platform modules already initialized, skipping
Refreshing native plugins compatible for Editor in 3.83 ms, found 0 plugins.
Preloading 0 native plugins for Editor in 0.00 ms.
Unloading 25 Unused Serialized files (Serialized files now loaded: 0)
System memory in use before: 45.4 MB.
System memory in use after: 45.4 MB.

Unloading 0 unused Assets to reduce memory usage. Loaded Objects now: 478.
Total: 2.289700 ms (FindLiveObjects: 0.051400 ms CreateObjectMapping: 0.004900 ms MarkObjects: 2.227200 ms  DeleteObjects: 0.004900 ms)

========================================================================
Received Prepare
Registering precompiled user dll's ...
Registered in 0.011936 seconds.
Begin MonoManager ReloadAssembly
Native extension for WindowsStandalone target not found
Native extension for OSXStandalone target not found
Native extension for WebGL target not found
Refreshing native plugins compatible for Editor in 3.91 ms, found 0 plugins.
Preloading 0 native plugins for Editor in 0.00 ms.
Mono: successfully reloaded assembly
- Completed reload, in  1.098 seconds
Platform modules already initialized, skipping
Refreshing native plugins compatible for Editor in 3.75 ms, found 0 plugins.
Preloading 0 native plugins for Editor in 0.00 ms.
Unloading 25 Unused Serialized files (Serialized files now loaded: 0)
System memory in use before: 45.4 MB.
System memory in use after: 45.4 MB.

Unloading 0 unused Assets to reduce memory usage. Loaded Objects now: 478.
Total: 2.464300 ms (FindLiveObjects: 0.053600 ms CreateObjectMapping: 0.004800 ms MarkObjects: 2.399300 ms  DeleteObjects: 0.005400 ms)

========================================================================
Received Prepare
Registering precompiled user dll's ...
Registered in 0.010370 seconds.
Begin MonoManager ReloadAssembly
Native extension for WindowsStandalone target not found
Native extension for OSXStandalone target not found
Native extension for WebGL target not found
Refreshing native plugins compatible for Editor in 3.86 ms, found 0 plugins.
Preloading 0 native plugins for Editor in 0.00 ms.
Mono: successfully reloaded assembly
- Completed reload, in  1.095 seconds
Platform modules already initialized, skipping
Refreshing native plugins compatible for Editor in 3.77 ms, found 0 plugins.
Preloading 0 native plugins for Editor in 0.00 ms.
Unloading 25 Unused Serialized files (Serialized files now loaded: 0)
System memory in use before: 45.4 MB.
System memory in use after: 45.4 MB.

Unloading 0 unused Assets to reduce memory usage. Loaded Objects now: 478.
Total: 2.061200 ms (FindLiveObjects: 0.056300 ms CreateObjectMapping: 0.005000 ms MarkObjects: 1.993400 ms  DeleteObjects: 0.005000 ms)

========================================================================
Received Prepare
Registering precompiled user dll's ...
Registered in 0.010260 seconds.
Begin MonoManager ReloadAssembly
Native extension for WindowsStandalone target not found
Native extension for OSXStandalone target not found
Native extension for WebGL target not found
Refreshing native plugins compatible for Editor in 3.92 ms, found 0 plugins.
Preloading 0 native plugins for Editor in 0.00 ms.
Mono: successfully reloaded assembly
- Completed reload, in  1.092 seconds
Platform modules already initialized, skipping
Refreshing native plugins compatible for Editor in 3.87 ms, found 0 plugins.
Preloading 0 native plugins for Editor in 0.00 ms.
Unloading 25 Unused Serialized files (Serialized files now loaded: 0)
System memory in use before: 45.4 MB.
System memory in use after: 45.4 MB.

Unloading 0 unused Assets to reduce memory usage. Loaded Objects now: 478.
Total: 2.458600 ms (FindLiveObjects: 0.051800 ms CreateObjectMapping: 0.005300 ms MarkObjects: 2.395200 ms  DeleteObjects: 0.005200 ms)

========================================================================
Received Prepare
Registering precompiled user dll's ...
Registered in 0.010675 seconds.
Begin MonoManager ReloadAssembly
Native extension for WindowsStandalone target not found
Native extension for OSXStandalone target not found
Native extension for WebGL target not found
Refreshing native plugins compatible for Editor in 4.10 ms, found 0 plugins.
Preloading 0 native plugins for Editor in 0.00 ms.
Mono: successfully reloaded assembly
- Completed reload, in  1.086 seconds
Platform modules already initialized, skipping
Refreshing native plugins compatible for Editor in 3.78 ms, found 0 plugins.
Preloading 0 native plugins for Editor in 0.00 ms.
Unloading 25 Unused Serialized files (Serialized files now loaded: 0)
System memory in use before: 45.4 MB.
System memory in use after: 45.4 MB.

Unloading 0 unused Assets to reduce memory usage. Loaded Objects now: 478.
Total: 2.259800 ms (FindLiveObjects: 0.051300 ms CreateObjectMapping: 0.004900 ms MarkObjects: 2.197400 ms  DeleteObjects: 0.004900 ms)

========================================================================
Received Prepare
Registering precompiled user dll's ...
Registered in 0.010715 seconds.
Begin MonoManager ReloadAssembly
Native extension for WindowsStandalone target not found
Native extension for OSXStandalone target not found
Native extension for WebGL target not found
Refreshing native plugins compatible for Editor in 3.88 ms, found 0 plugins.
Preloading 0 native plugins for Editor in 0.00 ms.
Mono: successfully reloaded assembly
- Completed reload, in  1.086 seconds
Platform modules already initialized, skipping
Refreshing native plugins compatible for Editor in 3.79 ms, found 0 plugins.
Preloading 0 native plugins for Editor in 0.00 ms.
Unloading 25 Unused Serialized files (Serialized files now loaded: 0)
System memory in use before: 45.4 MB.
System memory in use after: 45.4 MB.

Unloading 0 unused Assets to reduce memory usage. Loaded Objects now: 478.
Total: 2.111700 ms (FindLiveObjects: 0.054900 ms CreateObjectMapping: 0.005100 ms MarkObjects: 2.045200 ms  DeleteObjects: 0.005300 ms)

========================================================================
Received Prepare
Registering precompiled user dll's ...
Registered in 0.010624 seconds.
Begin MonoManager ReloadAssembly
Native extension for WindowsStandalone target not found
Native extension for OSXStandalone target not found
Native extension for WebGL target not found
Refreshing native plugins compatible for Editor in 3.85 ms, found 0 plugins.
Preloading 0 native plugins for Editor in 0.00 ms.
Mono: successfully reloaded assembly
- Completed reload, in  1.087 seconds
Platform modules already initialized, skipping
Refreshing native plugins compatible for Editor in 3.74 ms, found 0 plugins.
Preloading 0 native plugins for Editor in 0.00 ms.
Unloading 25 Unused Serialized files (Serialized files now loaded: 0)
System memory in use before: 45.4 MB.
System memory in use after: 45.4 MB.

Unloading 0 unused Assets to reduce memory usage. Loaded Objects now: 478.
Total: 2.087000 ms (FindLiveObjects: 0.050500 ms CreateObjectMapping: 0.005100 ms MarkObjects: 2.025300 ms  DeleteObjects: 0.004800 ms)

========================================================================
Received Prepare
Registering precompiled user dll's ...
Registered in 0.010299 seconds.
Begin MonoManager ReloadAssembly
Native extension for WindowsStandalone target not found
Native extension for OSXStandalone target not found
Native extension for WebGL target not found
Refreshing native plugins compatible for Editor in 3.88 ms, found 0 plugins.
Preloading 0 native plugins for Editor in 0.00 ms.
Mono: successfully reloaded assembly
- Completed reload, in  1.095 seconds
Platform modules already initialized, skipping
Refreshing native plugins compatible for Editor in 3.95 ms, found 0 plugins.
Preloading 0 native plugins for Editor in 0.00 ms.
Unloading 25 Unused Serialized files (Serialized files now loaded: 0)
System memory in use before: 45.4 MB.
System memory in use after: 45.4 MB.

Unloading 0 unused Assets to reduce memory usage. Loaded Objects now: 478.
Total: 2.432300 ms (FindLiveObjects: 0.058200 ms CreateObjectMapping: 0.005400 ms MarkObjects: 2.361900 ms  DeleteObjects: 0.005600 ms)

========================================================================
Received Prepare
Registering precompiled user dll's ...
Registered in 0.010343 seconds.
Begin MonoManager ReloadAssembly
Native extension for WindowsStandalone target not found
Native extension for OSXStandalone target not found
Native extension for WebGL target not found
Refreshing native plugins compatible for Editor in 3.87 ms, found 0 plugins.
Preloading 0 native plugins for Editor in 0.00 ms.
Mono: successfully reloaded assembly
- Completed reload, in  1.092 seconds
Platform modules already initialized, skipping
Refreshing native plugins compatible for Editor in 3.82 ms, found 0 plugins.
Preloading 0 native plugins for Editor in 0.00 ms.
Unloading 25 Unused Serialized files (Serialized files now loaded: 0)
System memory in use before: 45.4 MB.
System memory in use after: 45.4 MB.

Unloading 0 unused Assets to reduce memory usage. Loaded Objects now: 478.
Total: 2.132800 ms (FindLiveObjects: 0.051600 ms CreateObjectMapping: 0.005000 ms MarkObjects: 2.069900 ms  DeleteObjects: 0.005000 ms)

========================================================================
Received Prepare
Registering precompiled user dll's ...
Registered in 0.011039 seconds.
Begin MonoManager ReloadAssembly
Native extension for WindowsStandalone target not found
Native extension for OSXStandalone target not found
Native extension for WebGL target not found
Refreshing native plugins compatible for Editor in 4.20 ms, found 0 plugins.
Preloading 0 native plugins for Editor in 0.00 ms.
Mono: successfully reloaded assembly
- Completed reload, in  1.086 seconds
Platform modules already initialized, skipping
Refreshing native plugins compatible for Editor in 3.76 ms, found 0 plugins.
Preloading 0 native plugins for Editor in 0.00 ms.
Unloading 25 Unused Serialized files (Serialized files now loaded: 0)
System memory in use before: 45.4 MB.
System memory in use after: 45.4 MB.

Unloading 0 unused Assets to reduce memory usage. Loaded Objects now: 478.
Total: 2.262000 ms (FindLiveObjects: 0.051400 ms CreateObjectMapping: 0.005000 ms MarkObjects: 2.199300 ms  DeleteObjects: 0.005000 ms)

========================================================================
Received Prepare
Registering precompiled user dll's ...
Registered in 0.010138 seconds.
Begin MonoManager ReloadAssembly
Native extension for WindowsStandalone target not found
Native extension for OSXStandalone target not found
Native extension for WebGL target not found
Refreshing native plugins compatible for Editor in 3.90 ms, found 0 plugins.
Preloading 0 native plugins for Editor in 0.00 ms.
Mono: successfully reloaded assembly
- Completed reload, in  1.097 seconds
Platform modules already initialized, skipping
Refreshing native plugins compatible for Editor in 3.99 ms, found 0 plugins.
Preloading 0 native plugins for Editor in 0.00 ms.
Unloading 25 Unused Serialized files (Serialized files now loaded: 0)
System memory in use before: 45.4 MB.
System memory in use after: 45.4 MB.

Unloading 0 unused Assets to reduce memory usage. Loaded Objects now: 478.
Total: 2.303100 ms (FindLiveObjects: 0.051600 ms CreateObjectMapping: 0.004900 ms MarkObjects: 2.240800 ms  DeleteObjects: 0.004700 ms)

========================================================================
Received Prepare
Registering precompiled user dll's ...
Registered in 0.011227 seconds.
Begin MonoManager ReloadAssembly
Native extension for WindowsStandalone target not found
Native extension for OSXStandalone target not found
Native extension for WebGL target not found
Refreshing native plugins compatible for Editor in 3.94 ms, found 0 plugins.
Preloading 0 native plugins for Editor in 0.00 ms.
Mono: successfully reloaded assembly
- Completed reload, in  1.094 seconds
Platform modules already initialized, skipping
Refreshing native plugins compatible for Editor in 3.81 ms, found 0 plugins.
Preloading 0 native plugins for Editor in 0.00 ms.
Unloading 25 Unused Serialized files (Serialized files now loaded: 0)
System memory in use before: 45.4 MB.
System memory in use after: 45.4 MB.

Unloading 0 unused Assets to reduce memory usage. Loaded Objects now: 478.
Total: 2.294000 ms (FindLiveObjects: 0.051400 ms CreateObjectMapping: 0.004900 ms MarkObjects: 2.231700 ms  DeleteObjects: 0.004900 ms)

========================================================================
Received Prepare
Registering precompiled user dll's ...
Registered in 0.010631 seconds.
Begin MonoManager ReloadAssembly
Native extension for WindowsStandalone target not found
Native extension for OSXStandalone target not found
Native extension for WebGL target not found
Refreshing native plugins compatible for Editor in 3.83 ms, found 0 plugins.
Preloading 0 native plugins for Editor in 0.00 ms.
Mono: successfully reloaded assembly
- Completed reload, in  1.099 seconds
Platform modules already initialized, skipping
Refreshing native plugins compatible for Editor in 3.88 ms, found 0 plugins.
Preloading 0 native plugins for Editor in 0.00 ms.
Unloading 25 Unused Serialized files (Serialized files now loaded: 0)
System memory in use before: 45.4 MB.
System memory in use after: 45.4 MB.

Unloading 0 unused Assets to reduce memory usage. Loaded Objects now: 478.
Total: 2.471900 ms (FindLiveObjects: 0.059000 ms CreateObjectMapping: 0.005700 ms MarkObjects: 2.399700 ms  DeleteObjects: 0.006000 ms)

========================================================================
Received Prepare
Registering precompiled user dll's ...
Registered in 0.010294 seconds.
Begin MonoManager ReloadAssembly
Native extension for WindowsStandalone target not found
Native extension for OSXStandalone target not found
Native extension for WebGL target not found
Refreshing native plugins compatible for Editor in 3.84 ms, found 0 plugins.
Preloading 0 native plugins for Editor in 0.00 ms.
Mono: successfully reloaded assembly
- Completed reload, in  1.103 seconds
Platform modules already initialized, skipping
Refreshing native plugins compatible for Editor in 4.14 ms, found 0 plugins.
Preloading 0 native plugins for Editor in 0.00 ms.
Unloading 25 Unused Serialized files (Serialized files now loaded: 0)
System memory in use before: 45.4 MB.
System memory in use after: 45.4 MB.

Unloading 0 unused Assets to reduce memory usage. Loaded Objects now: 478.
Total: 2.569000 ms (FindLiveObjects: 0.055400 ms CreateObjectMapping: 0.006000 ms MarkObjects: 2.499700 ms  DeleteObjects: 0.006500 ms)

========================================================================
Received Prepare
Registering precompiled user dll's ...
Registered in 0.010294 seconds.
Begin MonoManager ReloadAssembly
Native extension for WindowsStandalone target not found
Native extension for OSXStandalone target not found
Native extension for WebGL target not found
Refreshing native plugins compatible for Editor in 3.85 ms, found 0 plugins.
Preloading 0 native plugins for Editor in 0.00 ms.
Mono: successfully reloaded assembly
- Completed reload, in  1.097 seconds
Platform modules already initialized, skipping
Refreshing native plugins compatible for Editor in 3.73 ms, found 0 plugins.
Preloading 0 native plugins for Editor in 0.00 ms.
Unloading 25 Unused Serialized files (Serialized files now loaded: 0)
System memory in use before: 45.4 MB.
System memory in use after: 45.5 MB.

Unloading 0 unused Assets to reduce memory usage. Loaded Objects now: 478.
Total: 2.459600 ms (FindLiveObjects: 0.052300 ms CreateObjectMapping: 0.004900 ms MarkObjects: 2.395700 ms  DeleteObjects: 0.005500 ms)

========================================================================
Received Prepare
Registering precompiled user dll's ...
Registered in 0.010508 seconds.
Begin MonoManager ReloadAssembly
Native extension for WindowsStandalone target not found
Native extension for OSXStandalone target not found
Native extension for WebGL target not found
Refreshing native plugins compatible for Editor in 3.88 ms, found 0 plugins.
Preloading 0 native plugins for Editor in 0.00 ms.
Mono: successfully reloaded assembly
- Completed reload, in  1.085 seconds
Platform modules already initialized, skipping
Refreshing native plugins compatible for Editor in 3.76 ms, found 0 plugins.
Preloading 0 native plugins for Editor in 0.00 ms.
Unloading 25 Unused Serialized files (Serialized files now loaded: 0)
System memory in use before: 45.5 MB.
System memory in use after: 45.5 MB.

Unloading 0 unused Assets to reduce memory usage. Loaded Objects now: 478.
Total: 2.368100 ms (FindLiveObjects: 0.051000 ms CreateObjectMapping: 0.004800 ms MarkObjects: 2.306300 ms  DeleteObjects: 0.004900 ms)

========================================================================
Received Prepare
Registering precompiled user dll's ...
Registered in 0.010126 seconds.
Begin MonoManager ReloadAssembly
Native extension for WindowsStandalone target not found
Native extension for OSXStandalone target not found
Native extension for WebGL target not found
Refreshing native plugins compatible for Editor in 3.84 ms, found 0 plugins.
Preloading 0 native plugins for Editor in 0.00 ms.
Mono: successfully reloaded assembly
- Completed reload, in  1.111 seconds
Platform modules already initialized, skipping
Refreshing native plugins compatible for Editor in 3.77 ms, found 0 plugins.
Preloading 0 native plugins for Editor in 0.00 ms.
Unloading 25 Unused Serialized files (Serialized files now loaded: 0)
System memory in use before: 45.5 MB.
System memory in use after: 45.5 MB.

Unloading 0 unused Assets to reduce memory usage. Loaded Objects now: 478.
Total: 2.240600 ms (FindLiveObjects: 0.051500 ms CreateObjectMapping: 0.005000 ms MarkObjects: 2.177800 ms  DeleteObjects: 0.004900 ms)

========================================================================
Received Prepare
Registering precompiled user dll's ...
Registered in 0.010580 seconds.
Begin MonoManager ReloadAssembly
Native extension for WindowsStandalone target not found
Native extension for OSXStandalone target not found
Native extension for WebGL target not found
Refreshing native plugins compatible for Editor in 3.85 ms, found 0 plugins.
Preloading 0 native plugins for Editor in 0.00 ms.
Mono: successfully reloaded assembly
- Completed reload, in  1.124 seconds
Platform modules already initialized, skipping
Refreshing native plugins compatible for Editor in 3.80 ms, found 0 plugins.
Preloading 0 native plugins for Editor in 0.00 ms.
Unloading 25 Unused Serialized files (Serialized files now loaded: 0)
System memory in use before: 45.5 MB.
System memory in use after: 45.5 MB.

Unloading 0 unused Assets to reduce memory usage. Loaded Objects now: 478.
Total: 2.441700 ms (FindLiveObjects: 0.051800 ms CreateObjectMapping: 0.005000 ms MarkObjects: 2.377900 ms  DeleteObjects: 0.005700 ms)

========================================================================
Received Prepare
Registering precompiled user dll's ...
Registered in 0.010494 seconds.
Begin MonoManager ReloadAssembly
Native extension for WindowsStandalone target not found
Native extension for OSXStandalone target not found
Native extension for WebGL target not found
Refreshing native plugins compatible for Editor in 3.85 ms, found 0 plugins.
Preloading 0 native plugins for Editor in 0.00 ms.
Mono: successfully reloaded assembly
- Completed reload, in  1.083 seconds
Platform modules already initialized, skipping
Refreshing native plugins compatible for Editor in 3.75 ms, found 0 plugins.
Preloading 0 native plugins for Editor in 0.00 ms.
Unloading 25 Unused Serialized files (Serialized files now loaded: 0)
System memory in use before: 45.5 MB.
System memory in use after: 45.5 MB.

Unloading 0 unused Assets to reduce memory usage. Loaded Objects now: 478.
Total: 2.355600 ms (FindLiveObjects: 0.054600 ms CreateObjectMapping: 0.005300 ms MarkObjects: 2.289000 ms  DeleteObjects: 0.005500 ms)

========================================================================
Received Prepare
Registering precompiled user dll's ...
Registered in 0.010223 seconds.
Begin MonoManager ReloadAssembly
Native extension for WindowsStandalone target not found
Native extension for OSXStandalone target not found
Native extension for WebGL target not found
Refreshing native plugins compatible for Editor in 3.95 ms, found 0 plugins.
Preloading 0 native plugins for Editor in 0.00 ms.
Mono: successfully reloaded assembly
- Completed reload, in  1.110 seconds
Platform modules already initialized, skipping
Refreshing native plugins compatible for Editor in 3.85 ms, found 0 plugins.
Preloading 0 native plugins for Editor in 0.00 ms.
Unloading 25 Unused Serialized files (Serialized files now loaded: 0)
System memory in use before: 45.5 MB.
System memory in use after: 45.5 MB.

Unloading 0 unused Assets to reduce memory usage. Loaded Objects now: 478.
Total: 2.715400 ms (FindLiveObjects: 0.059100 ms CreateObjectMapping: 0.005100 ms MarkObjects: 2.645200 ms  DeleteObjects: 0.004800 ms)

========================================================================
Received Prepare
Registering precompiled user dll's ...
Registered in 0.010552 seconds.
Begin MonoManager ReloadAssembly
Native extension for WindowsStandalone target not found
Native extension for OSXStandalone target not found
Native extension for WebGL target not found
Refreshing native plugins compatible for Editor in 3.90 ms, found 0 plugins.
Preloading 0 native plugins for Editor in 0.00 ms.
Mono: successfully reloaded assembly
- Completed reload, in  1.123 seconds
Platform modules already initialized, skipping
Refreshing native plugins compatible for Editor in 3.89 ms, found 0 plugins.
Preloading 0 native plugins for Editor in 0.00 ms.
Unloading 25 Unused Serialized files (Serialized files now loaded: 0)
System memory in use before: 45.5 MB.
System memory in use after: 45.5 MB.

Unloading 0 unused Assets to reduce memory usage. Loaded Objects now: 478.
Total: 2.171900 ms (FindLiveObjects: 0.050800 ms CreateObjectMapping: 0.005100 ms MarkObjects: 2.109600 ms  DeleteObjects: 0.005200 ms)

========================================================================
Received Prepare
Registering precompiled user dll's ...
Registered in 0.017597 seconds.
Begin MonoManager ReloadAssembly
Native extension for WindowsStandalone target not found
Native extension for OSXStandalone target not found
Native extension for WebGL target not found
Refreshing native plugins compatible for Editor in 3.87 ms, found 0 plugins.
Preloading 0 native plugins for Editor in 0.00 ms.
Mono: successfully reloaded assembly
- Completed reload, in  1.349 seconds
Platform modules already initialized, skipping
Refreshing native plugins compatible for Editor in 4.98 ms, found 0 plugins.
Preloading 0 native plugins for Editor in 0.00 ms.
Unloading 25 Unused Serialized files (Serialized files now loaded: 0)
System memory in use before: 45.5 MB.
System memory in use after: 45.5 MB.

Unloading 0 unused Assets to reduce memory usage. Loaded Objects now: 478.
Total: 2.554800 ms (FindLiveObjects: 0.087400 ms CreateObjectMapping: 0.004900 ms MarkObjects: 2.454700 ms  DeleteObjects: 0.005900 ms)

